<?xml version="1.0" encoding="UTF-8"?>
<!-- Generated by org.testng.reporters.JUnitXMLReporter -->
<testsuite hostname="krish" ignored="0" name="Default test" tests="3" failures="0" timestamp="2023-12-21T19:48:32 IST" time="29.22" errors="0">
  <testcase name="DataProvSampleTest" time="13.146" classname="dataprovider.f1"/>
  <testcase name="DataProvSampleTest" time="8.188" classname="dataprovider.f1"/>
  <testcase name="DataProvSampleTest" time="7.828" classname="dataprovider.f1"/>
</testsuite> <!-- Default test -->
