<?xml version="1.0" encoding="UTF-8"?>
<testng-results skipped="0" failed="0" ignored="0" total="3" passed="3">
  <reporter-output>
  </reporter-output>
  <suite name="Default suite" duration-ms="29220" started-at="2023-12-21T19:48:03 IST" finished-at="2023-12-21T19:48:32 IST">
    <groups>
    </groups>
    <test name="Default test" duration-ms="29220" started-at="2023-12-21T19:48:03 IST" finished-at="2023-12-21T19:48:32 IST">
      <class name="dataprovider.f1">
        <test-method status="PASS" signature="DataProvSampleTest(java.lang.String,java.lang.String,java.lang.String)[pri:0, instance:dataprovider.f1@6ee52dcd]" name="DataProvSampleTest" duration-ms="13146" started-at="2023-12-21T19:48:03 IST" data-provider="dhivya" finished-at="2023-12-21T19:48:16 IST">
          <params>
            <param index="0">
              <value>
                <![CDATA[valid]]>
              </value>
            </param>
            <param index="1">
              <value>
                <![CDATA[Dhivyakarthi123]]>
              </value>
            </param>
            <param index="2">
              <value>
                <![CDATA[12345]]>
              </value>
            </param>
          </params>
          <reporter-output>
          </reporter-output>
        </test-method> <!-- DataProvSampleTest -->
        <test-method status="PASS" signature="DataProvSampleTest(java.lang.String,java.lang.String,java.lang.String)[pri:0, instance:dataprovider.f1@6ee52dcd]" name="DataProvSampleTest" duration-ms="8188" started-at="2023-12-21T19:48:16 IST" data-provider="dhivya" finished-at="2023-12-21T19:48:25 IST">
          <params>
            <param index="0">
              <value>
                <![CDATA[invalid]]>
              </value>
            </param>
            <param index="1">
              <value>
                <![CDATA[DDD]]>
              </value>
            </param>
            <param index="2">
              <value>
                <![CDATA[555]]>
              </value>
            </param>
          </params>
          <reporter-output>
          </reporter-output>
        </test-method> <!-- DataProvSampleTest -->
        <test-method status="PASS" signature="DataProvSampleTest(java.lang.String,java.lang.String,java.lang.String)[pri:0, instance:dataprovider.f1@6ee52dcd]" name="DataProvSampleTest" duration-ms="7828" started-at="2023-12-21T19:48:25 IST" data-provider="dhivya" finished-at="2023-12-21T19:48:32 IST">
          <params>
            <param index="0">
              <value>
                <![CDATA[in]]>
              </value>
            </param>
            <param index="1">
              <value>
                <![CDATA[DEEPA]]>
              </value>
            </param>
            <param index="2">
              <value>
                <![CDATA[3456]]>
              </value>
            </param>
          </params>
          <reporter-output>
          </reporter-output>
        </test-method> <!-- DataProvSampleTest -->
      </class> <!-- dataprovider.f1 -->
    </test> <!-- Default test -->
  </suite> <!-- Default suite -->
</testng-results>
